<?xml version="1.0" encoding="UTF-8"?>
<testng-results skipped="0" failed="0" ignored="0" total="1" passed="1">
  <reporter-output>
  </reporter-output>
  <suite name="Default suite" duration-ms="136206" started-at="2017-10-27T15:41:29Z" finished-at="2017-10-27T15:43:46Z">
    <groups>
    </groups>
    <test name="Default test" duration-ms="136206" started-at="2017-10-27T15:41:29Z" finished-at="2017-10-27T15:43:46Z">
      <class name="TestSuite1.TC0032ApproveMoreThanOneOrderAtTime">
        <test-method status="PASS" signature="setUp()[pri:0, instance:TestSuite1.TC0032ApproveMoreThanOneOrderAtTime@523884b2]" name="setUp" is-config="true" duration-ms="15" started-at="2017-10-27T12:41:29Z" finished-at="2017-10-27T12:41:29Z">
          <reporter-output>
          </reporter-output>
        </test-method> <!-- setUp -->
        <test-method status="PASS" signature="tC0032ApproveMoreThanOneOrderAtTime()[pri:0, instance:TestSuite1.TC0032ApproveMoreThanOneOrderAtTime@523884b2]" name="tC0032ApproveMoreThanOneOrderAtTime" duration-ms="128830" started-at="2017-10-27T12:41:29Z" finished-at="2017-10-27T12:43:38Z">
          <reporter-output>
          </reporter-output>
        </test-method> <!-- tC0032ApproveMoreThanOneOrderAtTime -->
        <test-method status="PASS" signature="closeDriver()[pri:0, instance:TestSuite1.TC0032ApproveMoreThanOneOrderAtTime@523884b2]" name="closeDriver" is-config="true" duration-ms="7319" started-at="2017-10-27T12:43:38Z" finished-at="2017-10-27T12:43:46Z">
          <reporter-output>
          </reporter-output>
        </test-method> <!-- closeDriver -->
      </class> <!-- TestSuite1.TC0032ApproveMoreThanOneOrderAtTime -->
    </test> <!-- Default test -->
  </suite> <!-- Default suite -->
</testng-results>
